c:\users\range\google drive\c++\group project 2\project1\debug\vc140.pdb
c:\users\range\google drive\c++\group project 2\project1\debug\.netframework,version=v4.5.2.assemblyattributes.obj
c:\users\range\google drive\c++\group project 2\project1\debug\.netframework,version=v4.5.2.assemblyattributes.asm
c:\users\range\google drive\c++\group project 2\project1\debug\myform.obj
c:\users\range\google drive\c++\group project 2\project1\debug\project1.exe
c:\users\range\google drive\c++\group project 2\project1\debug\project1.pdb
c:\users\range\google drive\c++\group project 2\project1\debug\project1.myform.resources
c:\users\range\google drive\c++\group project 2\project1\debug\project1.vcxproj.generateresource.cache
c:\users\range\google drive\c++\group project 2\project1\debug\project1.vcxprojresolveassemblyreference.cache
c:\users\range\google drive\c++\group project 2\project1\debug\project1.exe.metagen
c:\users\range\google drive\c++\group project 2\project1\debug\project1.tlog\cl.command.1.tlog
c:\users\range\google drive\c++\group project 2\project1\debug\project1.tlog\cl.read.1.tlog
c:\users\range\google drive\c++\group project 2\project1\debug\project1.tlog\cl.write.1.tlog
c:\users\range\google drive\c++\group project 2\project1\debug\project1.tlog\link.command.1.tlog
c:\users\range\google drive\c++\group project 2\project1\debug\project1.tlog\link.read.1.tlog
c:\users\range\google drive\c++\group project 2\project1\debug\project1.tlog\link.write.1.tlog
c:\users\range\google drive\c++\group project 2\project1\debug\project1.tlog\metagen.read.1.tlog
c:\users\range\google drive\c++\group project 2\project1\debug\project1.tlog\metagen.write.1.tlog
c:\users\range\google drive\c++\group project 2\project1\debug\project1.tlog\project1.write.1u.tlog
c:\users\range\google drive\c++\group project 2\project1\debug\project1.tlog\tzres.dll.bi
